[compaction-debug] contextLimit overridden: 202752 → 80000, reserve=25252, keepRecent=24000
[compaction-metric] {"ts":1774550071415,"event":"usage_probe","turn":1,"promptTokens":7124,"totalTokens":7125}
[compaction-metric] {"ts":1774550073903,"event":"turn_complete","turn":1,"estimatedTokens":7119,"source":"actual","contextLimit":80000,"actualTokens":7331}
[compaction-metric] {"ts":1774550075322,"event":"usage_probe","turn":1,"promptTokens":17360,"totalTokens":17361}
[compaction-metric] {"ts":1774550079495,"event":"turn_complete","turn":1,"estimatedTokens":17497,"source":"actual","contextLimit":80000,"actualTokens":17816}
[compaction-metric] {"ts":1774550080290,"event":"usage_probe","turn":1,"promptTokens":21890,"totalTokens":21891}
[compaction-metric] {"ts":1774550082828,"event":"turn_complete","turn":1,"estimatedTokens":22239,"source":"actual","contextLimit":80000,"actualTokens":22422}
[compaction-metric] {"ts":1774550083677,"event":"usage_probe","turn":1,"promptTokens":26738,"totalTokens":26739}
[compaction-metric] {"ts":1774550085864,"event":"turn_complete","turn":1,"estimatedTokens":27146,"source":"actual","contextLimit":80000,"actualTokens":27268}
[compaction-metric] {"ts":1774550088121,"event":"usage_probe","turn":1,"promptTokens":45283,"totalTokens":45284}
[compaction-metric] {"ts":1774550088122,"event":"compaction_start","turn":1}
[compaction-metric] {"ts":1774550103800,"event":"compaction_complete","turn":1,"success":true,"tokensBefore":19811,"tokensAfter":954}
[compaction] Applied: context reduced, some older messages were summarized
[compaction-metric] {"ts":1774550103800,"event":"applied","turn":1}
[compaction-metric] {"ts":1774550106383,"event":"turn_complete","turn":1,"estimatedTokens":8072,"source":"actual","contextLimit":80000,"actualTokens":8356}
[compaction-metric] {"ts":1774550109220,"event":"usage_probe","turn":1,"promptTokens":38082,"totalTokens":38083}
[compaction-metric] {"ts":1774550109221,"event":"job_status","turn":1,"id":"background-compaction-1","message":"Background compaction...","state":"running"}
[compaction-metric] {"ts":1774550125946,"event":"job_status","turn":1,"id":"background-compaction-1","message":"","state":"clear"}
[compaction-metric] {"ts":1774550152683,"event":"job_status","turn":1,"id":"background-compaction-1","message":"","state":"clear"}
[compaction-metric] {"ts":1774550152683,"event":"compaction_complete","turn":1,"success":true,"tokensBefore":16222,"tokensAfter":1319}
[compaction] Applied: context reduced, some older messages were summarized
[compaction-metric] {"ts":1774550152683,"event":"applied","turn":1}
[compaction-metric] {"ts":1774550152684,"event":"turn_complete","turn":1,"estimatedTokens":38208,"source":"actual","contextLimit":80000,"actualTokens":42974}
[compaction-metric] {"ts":1774550152684,"event":"job_status","turn":1,"id":"background-compaction-2","message":"Background compaction...","state":"running"}
[headless] Completed in 81.76s
