[compaction-debug] contextLimit overridden: 202752 → 20000, reserve=6313, keepRecent=6000
[compaction-metric] {"ts":1774548787683,"event":"usage_probe","turn":1,"promptTokens":7076,"totalTokens":7077}
[compaction-metric] {"ts":1774548789771,"event":"turn_complete","turn":1,"estimatedTokens":7076,"source":"actual","contextLimit":20000,"actualTokens":7308}
[compaction-metric] {"ts":1774548790538,"event":"usage_probe","turn":1,"promptTokens":14771,"totalTokens":14772}
[compaction-metric] {"ts":1774548790539,"event":"compaction_start","turn":1}
[compaction-metric] {"ts":1774548799660,"event":"compaction_complete","turn":1,"success":true,"tokensBefore":4511,"tokensAfter":860}
[compaction] Applied: context reduced, some older messages were summarized
[compaction-metric] {"ts":1774548799660,"event":"applied","turn":1}
[compaction-metric] {"ts":1774548802659,"event":"turn_complete","turn":1,"estimatedTokens":7922,"source":"actual","contextLimit":20000,"actualTokens":8256}
[compaction-metric] {"ts":1774548804067,"event":"usage_probe","turn":1,"promptTokens":21907,"totalTokens":21908}
[compaction-metric] {"ts":1774548804067,"event":"compaction_start","turn":1}
[compaction-metric] {"ts":1774548816000,"event":"compaction_complete","turn":1,"success":true,"tokensBefore":7831,"tokensAfter":952}
[compaction] Applied: context reduced, some older messages were summarized
[compaction-metric] {"ts":1774548816001,"event":"applied","turn":1}
[compaction-metric] {"ts":1774548818149,"event":"turn_complete","turn":1,"estimatedTokens":8004,"source":"actual","contextLimit":20000,"actualTokens":8185}
[compaction-metric] {"ts":1774548818609,"event":"usage_probe","turn":1,"promptTokens":11043,"totalTokens":11044}
[compaction-metric] {"ts":1774548818609,"event":"compaction_start","turn":1}
[compaction-metric] {"ts":1774548833425,"event":"compaction_complete","turn":1,"success":true,"tokensBefore":2440,"tokensAfter":1022}
[compaction] Applied: context reduced, some older messages were summarized
[compaction-metric] {"ts":1774548833425,"event":"applied","turn":1}
[compaction-metric] {"ts":1774548835913,"event":"turn_complete","turn":1,"estimatedTokens":8554,"source":"actual","contextLimit":20000,"actualTokens":8838}
[compaction-metric] {"ts":1774548835913,"event":"job_status","turn":1,"id":"background-compaction-1","message":"Background compaction...","state":"running"}
[compaction-metric] {"ts":1774548837633,"event":"usage_probe","turn":1,"promptTokens":25346,"totalTokens":25347}
[compaction-metric] {"ts":1774548837633,"event":"blocking_start","turn":1}
[compaction-metric] {"ts":1774548837633,"event":"compaction_start","turn":1}
[compaction-metric] {"ts":1774548848096,"event":"job_status","turn":1,"id":"background-compaction-1","message":"","state":"clear"}
[compaction-metric] {"ts":1774548851824,"event":"blocking_end","turn":1,"durationMs":14191}
[compaction-metric] {"ts":1774548855081,"event":"job_status","turn":1,"id":"background-compaction-1","message":"","state":"clear"}
[compaction-metric] {"ts":1774548855081,"event":"turn_complete","turn":1,"estimatedTokens":7732,"source":"actual","contextLimit":20000,"actualTokens":8059}
[compaction-metric] {"ts":1774548856152,"event":"usage_probe","turn":1,"promptTokens":16687,"totalTokens":16688}
[compaction-metric] {"ts":1774548856152,"event":"compaction_start","turn":1}
[compaction-metric] {"ts":1774548860886,"event":"compaction_complete","turn":1,"success":true,"tokensBefore":6595,"tokensAfter":416}
[compaction] Applied: context reduced, some older messages were summarized
[compaction-metric] {"ts":1774548860886,"event":"applied","turn":1}
[compaction-metric] {"ts":1774548862810,"event":"turn_complete","turn":1,"estimatedTokens":7431,"source":"actual","contextLimit":20000,"actualTokens":7652}
[compaction-metric] {"ts":1774548863882,"event":"usage_probe","turn":1,"promptTokens":14378,"totalTokens":14379}
[compaction-metric] {"ts":1774548863882,"event":"compaction_start","turn":1}
[compaction-metric] {"ts":1774548969989,"event":"compaction_complete","turn":1,"success":true,"tokensBefore":4469,"tokensAfter":6820}
[compaction] Applied: context reduced, some older messages were summarized
[compaction-metric] {"ts":1774548969990,"event":"applied","turn":1}
[compaction-metric] {"ts":1774548969990,"event":"job_status","turn":1,"id":"background-compaction-2","message":"Background compaction...","state":"running"}
[compaction-metric] {"ts":1774548972499,"event":"job_status","turn":1,"id":"background-compaction-2","message":"","state":"clear"}
[compaction-metric] {"ts":1774548974200,"event":"job_status","turn":1,"id":"background-compaction-2","message":"","state":"clear"}
[compaction-metric] {"ts":1774548974200,"event":"compaction_complete","turn":1,"success":true,"tokensBefore":6820,"tokensAfter":209}
[compaction] Applied: context reduced, some older messages were summarized
[compaction-metric] {"ts":1774548974200,"event":"applied","turn":1}
[compaction-metric] {"ts":1774548974201,"event":"turn_complete","turn":1,"estimatedTokens":14692,"source":"actual","contextLimit":20000,"actualTokens":15081}
[compaction-metric] {"ts":1774548974201,"event":"compaction_start","turn":1}
[compaction-metric] {"ts":1774548984553,"event":"compaction_complete","turn":1,"success":true,"tokensBefore":8315,"tokensAfter":740}
[compaction] Applied: context reduced, some older messages were summarized
[compaction-metric] {"ts":1774548984553,"event":"applied","turn":1}
[compaction-metric] {"ts":1774548984861,"event":"usage_probe","turn":1,"promptTokens":7764,"totalTokens":7765}
[compaction-metric] {"ts":1774548987599,"event":"turn_complete","turn":1,"estimatedTokens":7764,"source":"actual","contextLimit":20000,"actualTokens":8097}
[compaction-metric] {"ts":1774548989442,"event":"usage_probe","turn":1,"promptTokens":27412,"totalTokens":27413}
[compaction-metric] {"ts":1774548989443,"event":"compaction_start","turn":1}
[compaction-metric] {"ts":1774548998692,"event":"compaction_complete","turn":1,"success":true,"tokensBefore":10189,"tokensAfter":903}
[compaction] Applied: context reduced, some older messages were summarized
[compaction-metric] {"ts":1774548998692,"event":"applied","turn":1}
[compaction-metric] {"ts":1774549001805,"event":"turn_complete","turn":1,"estimatedTokens":7931,"source":"actual","contextLimit":20000,"actualTokens":8268}
[compaction-metric] {"ts":1774549002388,"event":"usage_probe","turn":1,"promptTokens":12771,"totalTokens":12772}
[compaction-metric] {"ts":1774549002388,"event":"compaction_start","turn":1}
[compaction-metric] {"ts":1774549010084,"event":"compaction_complete","turn":1,"success":true,"tokensBefore":4034,"tokensAfter":693}
[compaction] Applied: context reduced, some older messages were summarized
[compaction-metric] {"ts":1774549010084,"event":"applied","turn":1}
[compaction-metric] {"ts":1774549011817,"event":"turn_complete","turn":1,"estimatedTokens":7923,"source":"actual","contextLimit":20000,"actualTokens":8092}
[compaction-metric] {"ts":1774549012533,"event":"usage_probe","turn":1,"promptTokens":14873,"totalTokens":14874}
[compaction-metric] {"ts":1774549012533,"event":"compaction_start","turn":1}
[compaction-metric] {"ts":1774549023912,"event":"compaction_complete","turn":1,"success":true,"tokensBefore":4748,"tokensAfter":966}
[compaction] Applied: context reduced, some older messages were summarized
[compaction-metric] {"ts":1774549023912,"event":"applied","turn":1}
[compaction-metric] {"ts":1774549026966,"event":"turn_complete","turn":1,"estimatedTokens":8241,"source":"actual","contextLimit":20000,"actualTokens":8619}
[compaction-metric] {"ts":1774549026966,"event":"job_status","turn":1,"id":"background-compaction-3","message":"Background compaction...","state":"running"}
[compaction-metric] {"ts":1774549028929,"event":"usage_probe","turn":1,"promptTokens":27875,"totalTokens":27876}
[compaction-metric] {"ts":1774549028929,"event":"blocking_start","turn":1}
[compaction-metric] {"ts":1774549028929,"event":"compaction_start","turn":1}
[compaction-metric] {"ts":1774549037925,"event":"job_status","turn":1,"id":"background-compaction-3","message":"","state":"clear"}
[compaction-metric] {"ts":1774549038462,"event":"blocking_end","turn":1,"durationMs":9533}
[compaction-metric] {"ts":1774549039949,"event":"job_status","turn":1,"id":"background-compaction-3","message":"","state":"clear"}
[compaction-metric] {"ts":1774549039950,"event":"turn_complete","turn":1,"estimatedTokens":7780,"source":"actual","contextLimit":20000,"actualTokens":7918}
[headless] Completed in 252.61s
