[compaction-debug] contextLimit overridden: 202752 → 80000, reserve=12000, keepRecent=24000
[compaction-metric] {"ts":1774581703806,"event":"usage_probe","turn":1,"promptTokens":7125,"totalTokens":7126}
[compaction-metric] {"ts":1774581709343,"event":"turn_complete","turn":1,"estimatedTokens":7120,"source":"actual","contextLimit":80000,"actualTokens":7304}
[compaction-metric] {"ts":1774581710202,"event":"usage_probe","turn":1,"promptTokens":9395,"totalTokens":9396}
[compaction-metric] {"ts":1774581717879,"event":"turn_complete","turn":1,"estimatedTokens":9518,"source":"actual","contextLimit":80000,"actualTokens":10416}
[compaction-metric] {"ts":1774581724708,"event":"usage_probe","turn":1,"promptTokens":70319,"totalTokens":70320}
[compaction-metric] {"ts":1774581724709,"event":"compaction_start","turn":1}
[compaction-metric] {"ts":1774581746088,"event":"compaction_complete","turn":1,"success":true,"tokensBefore":32406,"tokensAfter":1246}
[compaction] Applied: context reduced, some older messages were summarized
[compaction-metric] {"ts":1774581746088,"event":"applied","turn":1}
[compaction-metric] {"ts":1774581749404,"event":"turn_complete","turn":1,"estimatedTokens":8474,"source":"actual","contextLimit":80000,"actualTokens":8661}
[compaction-metric] {"ts":1774581750050,"event":"usage_probe","turn":1,"promptTokens":12695,"totalTokens":12696}
[compaction-metric] {"ts":1774581752285,"event":"turn_complete","turn":1,"estimatedTokens":12810,"source":"actual","contextLimit":80000,"actualTokens":12932}
[compaction-metric] {"ts":1774581752679,"event":"usage_probe","turn":1,"promptTokens":13963,"totalTokens":13964}
[compaction-metric] {"ts":1774581754418,"event":"turn_complete","turn":1,"estimatedTokens":14184,"source":"actual","contextLimit":80000,"actualTokens":14287}
[compaction-metric] {"ts":1774581756437,"event":"usage_probe","turn":1,"promptTokens":14096,"totalTokens":14097}
[compaction-metric] {"ts":1774581757150,"event":"turn_complete","turn":1,"estimatedTokens":14396,"source":"actual","contextLimit":80000,"actualTokens":14442}
[compaction-metric] {"ts":1774581758669,"event":"usage_probe","turn":1,"promptTokens":26744,"totalTokens":26745}
[compaction-metric] {"ts":1774581762991,"event":"turn_complete","turn":1,"estimatedTokens":27063,"source":"actual","contextLimit":80000,"actualTokens":27307}
[compaction-metric] {"ts":1774581763601,"event":"usage_probe","turn":1,"promptTokens":27823,"totalTokens":27824}
[compaction-metric] {"ts":1774581775766,"event":"turn_complete","turn":1,"estimatedTokens":28333,"source":"actual","contextLimit":80000,"actualTokens":29386}
[headless] Completed in 72.79s
