[compaction-debug] contextLimit overridden: 196608 → 40000, reserve=6000, keepRecent=12000
[compaction-metric] {"ts":1774619627965,"event":"usage_probe","turn":1,"promptTokens":7115,"totalTokens":7116}
[compaction-metric] {"ts":1774619632804,"event":"turn_complete","turn":1,"estimatedTokens":7120,"source":"actual","contextLimit":40000,"actualTokens":7244}
[compaction-metric] {"ts":1774619634605,"event":"usage_probe","turn":1,"promptTokens":8369,"totalTokens":8370}
[compaction-metric] {"ts":1774619641239,"event":"turn_complete","turn":1,"estimatedTokens":8471,"source":"actual","contextLimit":40000,"actualTokens":8724}
[compaction-metric] {"ts":1774619644010,"event":"usage_probe","turn":1,"promptTokens":9503,"totalTokens":9504}
[compaction-metric] {"ts":1774619647776,"event":"turn_complete","turn":1,"estimatedTokens":9792,"source":"actual","contextLimit":40000,"actualTokens":9937}
[compaction-metric] {"ts":1774619652398,"event":"usage_probe","turn":1,"promptTokens":38133,"totalTokens":38134}
[compaction-metric] {"ts":1774619652398,"event":"compaction_start","turn":1}
[compaction-metric] {"ts":1774619677041,"event":"compaction_complete","turn":1,"success":true,"tokensBefore":16848,"tokensAfter":834}
[compaction] Applied: context reduced, some older messages were summarized
[compaction-metric] {"ts":1774619677041,"event":"applied","turn":1}
[compaction-metric] {"ts":1774619681957,"event":"turn_complete","turn":1,"estimatedTokens":7832,"source":"actual","contextLimit":40000,"actualTokens":7952}
[compaction-metric] {"ts":1774619684392,"event":"usage_probe","turn":1,"promptTokens":9081,"totalTokens":9082}
[compaction-metric] {"ts":1774619699107,"event":"turn_complete","turn":1,"estimatedTokens":9179,"source":"actual","contextLimit":40000,"actualTokens":10139}
[compaction-metric] {"ts":1774619702011,"event":"usage_probe","turn":1,"promptTokens":12233,"totalTokens":12234}
[compaction-metric] {"ts":1774619709198,"event":"turn_complete","turn":1,"estimatedTokens":13047,"source":"actual","contextLimit":40000,"actualTokens":13382}
[compaction-metric] {"ts":1774619712297,"event":"usage_probe","turn":1,"promptTokens":14434,"totalTokens":14435}
[compaction-metric] {"ts":1774619719372,"event":"turn_complete","turn":1,"estimatedTokens":15309,"source":"actual","contextLimit":40000,"actualTokens":15598}
[compaction-metric] {"ts":1774619722385,"event":"usage_probe","turn":1,"promptTokens":15412,"totalTokens":15413}
[compaction-metric] {"ts":1774619734325,"event":"turn_complete","turn":1,"estimatedTokens":16301,"source":"actual","contextLimit":40000,"actualTokens":16815}
[compaction-metric] {"ts":1774619736489,"event":"usage_probe","turn":1,"promptTokens":18048,"totalTokens":18049}
[compaction-metric] {"ts":1774619746670,"event":"turn_complete","turn":1,"estimatedTokens":18961,"source":"actual","contextLimit":40000,"actualTokens":19475}
[compaction-metric] {"ts":1774619749842,"event":"usage_probe","turn":1,"promptTokens":19368,"totalTokens":19369}
[compaction-metric] {"ts":1774619762098,"event":"turn_complete","turn":1,"estimatedTokens":20302,"source":"actual","contextLimit":40000,"actualTokens":20821}
[compaction-metric] {"ts":1774619765657,"event":"usage_probe","turn":1,"promptTokens":20653,"totalTokens":20654}
[compaction-metric] {"ts":1774619765658,"event":"job_status","turn":1,"id":"background-compaction-1","message":"Background compaction...","state":"running"}
[compaction-metric] {"ts":1774619779664,"event":"turn_complete","turn":1,"estimatedTokens":21613,"source":"actual","contextLimit":40000,"actualTokens":22146}
[compaction-metric] {"ts":1774619782689,"event":"job_status","turn":1,"id":"background-compaction-1","message":"","state":"clear"}
[compaction-metric] {"ts":1774619785751,"event":"usage_probe","turn":1,"promptTokens":21665,"totalTokens":21666}
[compaction-metric] {"ts":1774619785751,"event":"job_status","turn":1,"id":"background-compaction-1","message":"","state":"clear"}
[compaction-metric] {"ts":1774619785752,"event":"job_status","turn":1,"id":"background-compaction-2","message":"Background compaction...","state":"running"}
[compaction-metric] {"ts":1774619790280,"event":"turn_complete","turn":1,"estimatedTokens":8927,"source":"actual","contextLimit":40000,"actualTokens":9053}
[headless] Completed in 170.19s
