[compaction-debug] contextLimit overridden: 196608 → 32000, reserve=4800, keepRecent=9600
[compaction-metric] {"ts":1774584102728,"event":"usage_probe","turn":1,"promptTokens":7113,"totalTokens":7114}
[compaction-metric] {"ts":1774584105593,"event":"turn_complete","turn":1,"estimatedTokens":7118,"source":"actual","contextLimit":32000,"actualTokens":7237}
[compaction-metric] {"ts":1774584106158,"event":"usage_probe","turn":1,"promptTokens":9889,"totalTokens":9890}
[compaction-metric] {"ts":1774584270895,"event":"turn_complete","turn":1,"estimatedTokens":9978,"source":"actual","contextLimit":32000,"actualTokens":19575}
[compaction-metric] {"ts":1774584271658,"event":"usage_probe","turn":1,"promptTokens":18141,"totalTokens":18142}
[compaction-metric] {"ts":1774584271658,"event":"compaction_start","turn":1}
[compaction-metric] {"ts":1774584279295,"event":"compaction_complete","turn":1,"success":true,"tokensBefore":6890,"tokensAfter":727}
[compaction] Applied: context reduced, some older messages were summarized
[compaction-metric] {"ts":1774584279295,"event":"applied","turn":1}
[compaction-metric] {"ts":1774584280381,"event":"turn_complete","turn":1,"estimatedTokens":7726,"source":"actual","contextLimit":32000,"actualTokens":7840}
[compaction-metric] {"ts":1774584280764,"event":"usage_probe","turn":1,"promptTokens":10677,"totalTokens":10678}
[compaction-metric] {"ts":1774584281618,"event":"turn_complete","turn":1,"estimatedTokens":10761,"source":"actual","contextLimit":32000,"actualTokens":10828}
[compaction-metric] {"ts":1774584281914,"event":"usage_probe","turn":1,"promptTokens":10836,"totalTokens":10837}
[compaction-metric] {"ts":1774584282636,"event":"turn_complete","turn":1,"estimatedTokens":10956,"source":"actual","contextLimit":32000,"actualTokens":11027}
[compaction-metric] {"ts":1774584283554,"event":"usage_probe","turn":1,"promptTokens":23943,"totalTokens":23944}
[compaction-metric] {"ts":1774584283554,"event":"compaction_start","turn":1}
[compaction-metric] {"ts":1774584295431,"event":"compaction_complete","turn":1,"success":true,"tokensBefore":9077,"tokensAfter":679}
[compaction] Applied: context reduced, some older messages were summarized
[compaction-metric] {"ts":1774584295431,"event":"applied","turn":1}
[compaction-metric] {"ts":1774584296851,"event":"turn_complete","turn":1,"estimatedTokens":7688,"source":"actual","contextLimit":32000,"actualTokens":7787}
[compaction-metric] {"ts":1774584297273,"event":"usage_probe","turn":1,"promptTokens":10639,"totalTokens":10640}
[compaction-metric] {"ts":1774584373228,"event":"turn_complete","turn":1,"estimatedTokens":10708,"source":"actual","contextLimit":32000,"actualTokens":22769}
[compaction-metric] {"ts":1774584374145,"event":"usage_probe","turn":1,"promptTokens":21870,"totalTokens":21871}
[compaction-metric] {"ts":1774584374145,"event":"compaction_start","turn":1}
[compaction-metric] {"ts":1774584380497,"event":"compaction_complete","turn":1,"success":true,"tokensBefore":9758,"tokensAfter":822}
[compaction] Applied: context reduced, some older messages were summarized
[compaction-metric] {"ts":1774584380497,"event":"applied","turn":1}
[compaction-metric] {"ts":1774584381263,"event":"turn_complete","turn":1,"estimatedTokens":7817,"source":"actual","contextLimit":32000,"actualTokens":7887}
[compaction-metric] {"ts":1774584381649,"event":"usage_probe","turn":1,"promptTokens":10768,"totalTokens":10769}
