[compaction-debug] contextLimit overridden: 202752 → 20000, reserve=3000, keepRecent=6000
[compaction-metric] {"ts":1774584101598,"event":"usage_probe","turn":1,"promptTokens":7129,"totalTokens":7130}
[compaction-metric] {"ts":1774584104458,"event":"turn_complete","turn":1,"estimatedTokens":7129,"source":"actual","contextLimit":20000,"actualTokens":7259}
[compaction-metric] {"ts":1774584105551,"event":"usage_probe","turn":1,"promptTokens":10052,"totalTokens":10053}
[compaction-metric] {"ts":1774584105552,"event":"compaction_start","turn":1}
[compaction-metric] {"ts":1774584118848,"event":"compaction_complete","turn":1,"success":true,"tokensBefore":1466,"tokensAfter":933}
[compaction] Applied: context reduced, some older messages were summarized
[compaction-metric] {"ts":1774584118848,"event":"applied","turn":1}
[compaction-metric] {"ts":1774584120887,"event":"turn_complete","turn":1,"estimatedTokens":8239,"source":"actual","contextLimit":20000,"actualTokens":8444}
[compaction-metric] {"ts":1774584121595,"event":"usage_probe","turn":1,"promptTokens":13416,"totalTokens":13417}
[compaction-metric] {"ts":1774584121595,"event":"compaction_start","turn":1}
[compaction-metric] {"ts":1774584127516,"event":"compaction_complete","turn":1,"success":true,"tokensBefore":3627,"tokensAfter":235}
[compaction] Applied: context reduced, some older messages were summarized
[compaction-metric] {"ts":1774584127516,"event":"applied","turn":1}
[compaction-metric] {"ts":1774584129614,"event":"turn_complete","turn":1,"estimatedTokens":7258,"source":"actual","contextLimit":20000,"actualTokens":7371}
[compaction-metric] {"ts":1774584130173,"event":"usage_probe","turn":1,"promptTokens":11308,"totalTokens":11309}
[compaction-metric] {"ts":1774584130173,"event":"compaction_start","turn":1}
[compaction-metric] {"ts":1774584139695,"event":"compaction_complete","turn":1,"success":true,"tokensBefore":2201,"tokensAfter":749}
[compaction] Applied: context reduced, some older messages were summarized
[compaction-metric] {"ts":1774584139695,"event":"applied","turn":1}
[compaction-metric] {"ts":1774584143433,"event":"turn_complete","turn":1,"estimatedTokens":7918,"source":"actual","contextLimit":20000,"actualTokens":8183}
[compaction-metric] {"ts":1774584145598,"event":"usage_probe","turn":1,"promptTokens":31580,"totalTokens":31581}
[compaction-metric] {"ts":1774584145599,"event":"compaction_start","turn":1}
[compaction-metric] {"ts":1774584159551,"event":"compaction_complete","turn":1,"success":true,"tokensBefore":12836,"tokensAfter":734}
[compaction] Applied: context reduced, some older messages were summarized
[compaction-metric] {"ts":1774584159551,"event":"applied","turn":1}
[compaction-metric] {"ts":1774584163835,"event":"turn_complete","turn":1,"estimatedTokens":7929,"source":"actual","contextLimit":20000,"actualTokens":8258}
[compaction-metric] {"ts":1774584167723,"event":"usage_probe","turn":1,"promptTokens":32246,"totalTokens":32247}
[compaction-metric] {"ts":1774584167723,"event":"compaction_start","turn":1}
[compaction-metric] {"ts":1774584179753,"event":"compaction_complete","turn":1,"success":true,"tokensBefore":13082,"tokensAfter":890}
[compaction] Applied: context reduced, some older messages were summarized
[compaction-metric] {"ts":1774584179753,"event":"applied","turn":1}
